[debug] [2020-12-31T17:11:51.165Z] ----------------------------------------------------------------------
[debug] [2020-12-31T17:11:51.167Z] Command:       /usr/local/bin/firebase /home/vmdude/.cache/firebase/tools/lib/node_modules/firebase-tools/lib/bin/firebase emulators:start
[debug] [2020-12-31T17:11:51.167Z] CLI Version:   9.1.0
[debug] [2020-12-31T17:11:51.167Z] Platform:      linux
[debug] [2020-12-31T17:11:51.167Z] Node Version:  v12.18.1
[debug] [2020-12-31T17:11:51.170Z] Time:          Thu Dec 31 2020 20:11:51 GMT+0300 (GMT+03:00)
[debug] [2020-12-31T17:11:51.170Z] ----------------------------------------------------------------------
[debug] [2020-12-31T17:11:51.170Z] 
[debug] [2020-12-31T17:11:51.175Z] > command requires scopes: ["email","openid","https://www.googleapis.com/auth/cloudplatformprojects.readonly","https://www.googleapis.com/auth/firebase","https://www.googleapis.com/auth/cloud-platform"]
[debug] [2020-12-31T17:11:51.175Z] > authorizing via signed-in user
[info] i  emulators: Starting emulators: functions, firestore {"metadata":{"emulator":{"name":"hub"},"message":"Starting emulators: functions, firestore"}}
[debug] [2020-12-31T17:11:51.187Z] [hub] writing locator at /tmp/hub-react-app-3c197.json
[warn] ⚠  functions: The following emulators are not running, calls to these services from the Functions emulator will affect production: auth, database, hosting, pubsub {"metadata":{"emulator":{"name":"functions"},"message":"The following emulators are not running, calls to these services from the Functions emulator will affect production: \u001b[1mauth, database, hosting, pubsub\u001b[22m"}}
[warn] ⚠  Your requested "node" version "10" doesn't match your global version "12" {"metadata":{"emulator":{"name":"functions"},"message":"Your requested \"node\" version \"10\" doesn't match your global version \"12\""}}
[debug] [2020-12-31T17:11:51.204Z] defaultcredentials: writing to file /home/vmdude/.config/firebase/merttecimen56_gmail_com_application_default_credentials.json
[debug] [2020-12-31T17:11:51.205Z] Setting GAC to /home/vmdude/.config/firebase/merttecimen56_gmail_com_application_default_credentials.json {"metadata":{"emulator":{"name":"functions"},"message":"Setting GAC to /home/vmdude/.config/firebase/merttecimen56_gmail_com_application_default_credentials.json"}}
[debug] [2020-12-31T17:11:51.212Z] Ignoring unsupported arg: projectId {"metadata":{"emulator":{"name":"firestore"},"message":"Ignoring unsupported arg: projectId"}}
[debug] [2020-12-31T17:11:51.213Z] Ignoring unsupported arg: auto_download {"metadata":{"emulator":{"name":"firestore"},"message":"Ignoring unsupported arg: auto_download"}}
[debug] [2020-12-31T17:11:51.213Z] Starting Firestore Emulator with command {"binary":"java","args":["-Dgoogle.cloud_firestore.debug_log_level=FINE","-Duser.language=en","-jar","/home/vmdude/.cache/firebase/emulators/cloud-firestore-emulator-v1.11.11.jar","--host","localhost","--port",8080,"--rules","/home/vmdude/Desktop/yazlab-3 (copy)/firestore.rules","--functions_emulator","localhost:5001"],"optionalArgs":["port","webchannel_port","host","rules","functions_emulator","seed_from_export"],"joinArgs":false} {"metadata":{"emulator":{"name":"firestore"},"message":"Starting Firestore Emulator with command {\"binary\":\"java\",\"args\":[\"-Dgoogle.cloud_firestore.debug_log_level=FINE\",\"-Duser.language=en\",\"-jar\",\"/home/vmdude/.cache/firebase/emulators/cloud-firestore-emulator-v1.11.11.jar\",\"--host\",\"localhost\",\"--port\",8080,\"--rules\",\"/home/vmdude/Desktop/yazlab-3 (copy)/firestore.rules\",\"--functions_emulator\",\"localhost:5001\"],\"optionalArgs\":[\"port\",\"webchannel_port\",\"host\",\"rules\",\"functions_emulator\",\"seed_from_export\"],\"joinArgs\":false}"}}
[info] i  firestore: Firestore Emulator logging to firestore-debug.log {"metadata":{"emulator":{"name":"firestore"},"message":"Firestore Emulator logging to \u001b[1mfirestore-debug.log\u001b[22m"}}
[debug] [2020-12-31T17:11:53.918Z] API endpoint: http://localhost {"metadata":{"emulator":{"name":"firestore"},"message":"API endpoint: http://localhost"}}
[debug] [2020-12-31T17:11:53.918Z] :8080
If you are using a library that supports the FIRESTORE_EMULATOR_HOST environment variable, run:

   export FIRESTORE_EMULATOR_HOST=localhost:8080

Dev App Server is now running.

 {"metadata":{"emulator":{"name":"firestore"},"message":":8080\nIf you are using a library that supports the FIRESTORE_EMULATOR_HOST environment variable, run:\n\n   export FIRESTORE_EMULATOR_HOST=localhost:8080\n\nDev App Server is now running.\n\n"}}
[warn] ⚠  ui: Emulator UI unable to start on port 4000, starting on 4001 instead. {"metadata":{"emulator":{"name":"ui"},"message":"Emulator UI unable to start on port 4000, starting on 4001 instead."}}
[debug] [2020-12-31T17:11:54.084Z] Ignoring unsupported arg: auto_download {"metadata":{"emulator":{"name":"ui"},"message":"Ignoring unsupported arg: auto_download"}}
[debug] [2020-12-31T17:11:54.084Z] Ignoring unsupported arg: port {"metadata":{"emulator":{"name":"ui"},"message":"Ignoring unsupported arg: port"}}
[debug] [2020-12-31T17:11:54.084Z] Starting Emulator UI with command {"binary":"node","args":["/home/vmdude/.cache/firebase/emulators/ui-v1.4.1/server.bundle.js"],"optionalArgs":[],"joinArgs":false} {"metadata":{"emulator":{"name":"ui"},"message":"Starting Emulator UI with command {\"binary\":\"node\",\"args\":[\"/home/vmdude/.cache/firebase/emulators/ui-v1.4.1/server.bundle.js\"],\"optionalArgs\":[],\"joinArgs\":false}"}}
[info] i  ui: Emulator UI logging to ui-debug.log {"metadata":{"emulator":{"name":"ui"},"message":"Emulator UI logging to \u001b[1mui-debug.log\u001b[22m"}}
[debug] [2020-12-31T17:11:54.286Z] Web / API server started at http://localhost:4001
 {"metadata":{"emulator":{"name":"ui"},"message":"Web / API server started at http://localhost:4001\n"}}
[info] i  functions: Watching "/home/vmdude/Desktop/yazlab-3 (copy)/functions" for Cloud Functions... {"metadata":{"emulator":{"name":"functions"},"message":"Watching \"/home/vmdude/Desktop/yazlab-3 (copy)/functions\" for Cloud Functions..."}}
[debug] [2020-12-31T17:11:54.358Z] [worker-pool] addWorker(~diagnostic~) {"metadata":{"emulator":{"name":"functions"},"message":"[worker-pool] addWorker(~diagnostic~)"}}
[debug] [2020-12-31T17:11:54.358Z] [worker-pool] Adding worker with key ~diagnostic~, total=1 {"metadata":{"emulator":{"name":"functions"},"message":"[worker-pool] Adding worker with key ~diagnostic~, total=1"}}
[debug] [2020-12-31T17:11:54.359Z] [worker-pool] submitWork(triggerId=) {"metadata":{"emulator":{"name":"functions"},"message":"[worker-pool] submitWork(triggerId=)"}}
[debug] [2020-12-31T17:11:54.359Z] [worker-~diagnostic~-7f2277e6-e19d-4026-911a-6a8cfb52fe12]: Assigning socketPath: /tmp/fire_emu_179042.sock {"metadata":{"emulator":{"name":"functions"},"message":"[worker-~diagnostic~-7f2277e6-e19d-4026-911a-6a8cfb52fe12]: Assigning socketPath: /tmp/fire_emu_179042.sock"}}
[debug] [2020-12-31T17:11:54.359Z] [worker-~diagnostic~-7f2277e6-e19d-4026-911a-6a8cfb52fe12]: BUSY {"metadata":{"emulator":{"name":"functions"},"message":"[worker-~diagnostic~-7f2277e6-e19d-4026-911a-6a8cfb52fe12]: BUSY"}}
[debug] [2020-12-31T17:11:54.714Z] [runtime-status] [179042] Functions runtime initialized. {"cwd":"/home/vmdude/Desktop/yazlab-3 (copy)/functions","node_version":"12.18.1"} {"metadata":{"emulator":{"name":"functions"},"message":"[runtime-status] [179042] Functions runtime initialized. {\"cwd\":\"/home/vmdude/Desktop/yazlab-3 (copy)/functions\",\"node_version\":\"12.18.1\"}"}}
[debug] [2020-12-31T17:11:54.714Z] [runtime-status] [179042] Disabled runtime features: undefined {"metadata":{"emulator":{"name":"functions"},"message":"[runtime-status] [179042] Disabled runtime features: undefined"}}
[debug] [2020-12-31T17:11:54.716Z] [runtime-status] [179042] Resolved module firebase-admin {"declared":true,"installed":true,"version":"9.4.2","resolution":"/home/vmdude/Desktop/yazlab-3 (copy)/functions/node_modules/firebase-admin/lib/index.js"} {"metadata":{"emulator":{"name":"functions"},"message":"[runtime-status] [179042] Resolved module firebase-admin {\"declared\":true,\"installed\":true,\"version\":\"9.4.2\",\"resolution\":\"/home/vmdude/Desktop/yazlab-3 (copy)/functions/node_modules/firebase-admin/lib/index.js\"}"}}
[debug] [2020-12-31T17:11:54.717Z] [runtime-status] [179042] Resolved module firebase-functions {"declared":true,"installed":true,"version":"3.13.0","resolution":"/home/vmdude/Desktop/yazlab-3 (copy)/functions/node_modules/firebase-functions/lib/index.js"} {"metadata":{"emulator":{"name":"functions"},"message":"[runtime-status] [179042] Resolved module firebase-functions {\"declared\":true,\"installed\":true,\"version\":\"3.13.0\",\"resolution\":\"/home/vmdude/Desktop/yazlab-3 (copy)/functions/node_modules/firebase-functions/lib/index.js\"}"}}
[debug] [2020-12-31T17:11:54.717Z] [runtime-status] [179042] Resolved module firebase-functions {"declared":true,"installed":true,"version":"3.13.0","resolution":"/home/vmdude/Desktop/yazlab-3 (copy)/functions/node_modules/firebase-functions/lib/index.js"} {"metadata":{"emulator":{"name":"functions"},"message":"[runtime-status] [179042] Resolved module firebase-functions {\"declared\":true,\"installed\":true,\"version\":\"3.13.0\",\"resolution\":\"/home/vmdude/Desktop/yazlab-3 (copy)/functions/node_modules/firebase-functions/lib/index.js\"}"}}
[debug] [2020-12-31T17:11:54.719Z] [runtime-status] [179042] Outgoing network have been stubbed. [{"name":"http","status":"mocked"},{"name":"http","status":"mocked"},{"name":"https","status":"mocked"},{"name":"https","status":"mocked"},{"name":"net","status":"mocked"}] {"metadata":{"emulator":{"name":"functions"},"message":"[runtime-status] [179042] Outgoing network have been stubbed. [{\"name\":\"http\",\"status\":\"mocked\"},{\"name\":\"http\",\"status\":\"mocked\"},{\"name\":\"https\",\"status\":\"mocked\"},{\"name\":\"https\",\"status\":\"mocked\"},{\"name\":\"net\",\"status\":\"mocked\"}]"}}
[debug] [2020-12-31T17:11:54.719Z] [runtime-status] [179042] Resolved module firebase-functions {"declared":true,"installed":true,"version":"3.13.0","resolution":"/home/vmdude/Desktop/yazlab-3 (copy)/functions/node_modules/firebase-functions/lib/index.js"} {"metadata":{"emulator":{"name":"functions"},"message":"[runtime-status] [179042] Resolved module firebase-functions {\"declared\":true,\"installed\":true,\"version\":\"3.13.0\",\"resolution\":\"/home/vmdude/Desktop/yazlab-3 (copy)/functions/node_modules/firebase-functions/lib/index.js\"}"}}
[debug] [2020-12-31T17:11:54.862Z] [runtime-status] [179042] Checked functions.config() {"config":{}} {"metadata":{"emulator":{"name":"functions"},"message":"[runtime-status] [179042] Checked functions.config() {\"config\":{}}"}}
[debug] [2020-12-31T17:11:54.862Z] [runtime-status] [179042] firebase-functions has been stubbed. {"functionsResolution":{"declared":true,"installed":true,"version":"3.13.0","resolution":"/home/vmdude/Desktop/yazlab-3 (copy)/functions/node_modules/firebase-functions/lib/index.js"}} {"metadata":{"emulator":{"name":"functions"},"message":"[runtime-status] [179042] firebase-functions has been stubbed. {\"functionsResolution\":{\"declared\":true,\"installed\":true,\"version\":\"3.13.0\",\"resolution\":\"/home/vmdude/Desktop/yazlab-3 (copy)/functions/node_modules/firebase-functions/lib/index.js\"}}"}}
[debug] [2020-12-31T17:11:54.862Z] [runtime-status] [179042] Resolved module firebase-functions {"declared":true,"installed":true,"version":"3.13.0","resolution":"/home/vmdude/Desktop/yazlab-3 (copy)/functions/node_modules/firebase-functions/lib/index.js"} {"metadata":{"emulator":{"name":"functions"},"message":"[runtime-status] [179042] Resolved module firebase-functions {\"declared\":true,\"installed\":true,\"version\":\"3.13.0\",\"resolution\":\"/home/vmdude/Desktop/yazlab-3 (copy)/functions/node_modules/firebase-functions/lib/index.js\"}"}}
[debug] [2020-12-31T17:11:54.863Z] [runtime-status] [179042] Resolved module firebase-admin {"declared":true,"installed":true,"version":"9.4.2","resolution":"/home/vmdude/Desktop/yazlab-3 (copy)/functions/node_modules/firebase-admin/lib/index.js"} {"metadata":{"emulator":{"name":"functions"},"message":"[runtime-status] [179042] Resolved module firebase-admin {\"declared\":true,\"installed\":true,\"version\":\"9.4.2\",\"resolution\":\"/home/vmdude/Desktop/yazlab-3 (copy)/functions/node_modules/firebase-admin/lib/index.js\"}"}}
[debug] [2020-12-31T17:11:54.863Z] [runtime-status] [179042] Resolved module firebase-functions {"declared":true,"installed":true,"version":"3.13.0","resolution":"/home/vmdude/Desktop/yazlab-3 (copy)/functions/node_modules/firebase-functions/lib/index.js"} {"metadata":{"emulator":{"name":"functions"},"message":"[runtime-status] [179042] Resolved module firebase-functions {\"declared\":true,\"installed\":true,\"version\":\"3.13.0\",\"resolution\":\"/home/vmdude/Desktop/yazlab-3 (copy)/functions/node_modules/firebase-functions/lib/index.js\"}"}}
[debug] [2020-12-31T17:11:54.864Z] [runtime-status] [179042] firebase-admin has been stubbed. {"adminResolution":{"declared":true,"installed":true,"version":"9.4.2","resolution":"/home/vmdude/Desktop/yazlab-3 (copy)/functions/node_modules/firebase-admin/lib/index.js"}} {"metadata":{"emulator":{"name":"functions"},"message":"[runtime-status] [179042] firebase-admin has been stubbed. {\"adminResolution\":{\"declared\":true,\"installed\":true,\"version\":\"9.4.2\",\"resolution\":\"/home/vmdude/Desktop/yazlab-3 (copy)/functions/node_modules/firebase-admin/lib/index.js\"}}"}}
[debug] [2020-12-31T17:11:55.129Z] [runtime-status] [179042] initializeApp(DEFAULT) {"databaseURL":"https://react-app-3c197.firebaseio.com","storageBucket":"react-app-3c197.appspot.com","projectId":"react-app-3c197"} {"metadata":{"emulator":{"name":"functions"},"message":"[runtime-status] [179042] initializeApp(DEFAULT) {\"databaseURL\":\"https://react-app-3c197.firebaseio.com\",\"storageBucket\":\"react-app-3c197.appspot.com\",\"projectId\":\"react-app-3c197\"}"}}
[info] ✔  functions[doIt]: http function initialized (http://localhost:5001/react-app-3c197/us-central1/doIt). {"metadata":{"emulator":{"name":"functions"},"message":"\u001b[1mhttp\u001b[22m function initialized (http://localhost:5001/react-app-3c197/us-central1/doIt)."}}
[info] 
┌─────────────────────────────────────────────────────────────┐
│ ✔  All emulators ready! It is now safe to connect your app. │
│ i  View Emulator UI at http://localhost:4001                │
└─────────────────────────────────────────────────────────────┘

┌───────────┬────────────────┬─────────────────────────────────┐
│ Emulator  │ Host:Port      │ View in Emulator UI             │
├───────────┼────────────────┼─────────────────────────────────┤
│ Functions │ localhost:5001 │ http://localhost:4001/functions │
├───────────┼────────────────┼─────────────────────────────────┤
│ Firestore │ localhost:8080 │ http://localhost:4001/firestore │
└───────────┴────────────────┴─────────────────────────────────┘
  Emulator Hub running at localhost:4400
  Other reserved ports: 4500

Issues? Report them at https://github.com/firebase/firebase-tools/issues and attach the *-debug.log files.
 
[debug] [2020-12-31T17:11:55.150Z] [worker-~diagnostic~-7f2277e6-e19d-4026-911a-6a8cfb52fe12]: IDLE {"metadata":{"emulator":{"name":"functions"},"message":"[worker-~diagnostic~-7f2277e6-e19d-4026-911a-6a8cfb52fe12]: IDLE"}}
[debug] [2020-12-31T17:12:01.823Z] [work-queue] {"queueLength":1,"workRunningCount":0}
[debug] [2020-12-31T17:12:01.823Z] [work-queue] {"queueLength":0,"workRunningCount":1}
[debug] [2020-12-31T17:12:01.823Z] Accepted request POST /react-app-3c197/us-central1/doIt --> doIt
[debug] [2020-12-31T17:12:01.836Z] [worker-pool] addWorker(doIt) {"metadata":{"emulator":{"name":"functions"},"message":"[worker-pool] addWorker(doIt)"}}
[debug] [2020-12-31T17:12:01.837Z] [worker-pool] Adding worker with key doIt, total=1 {"metadata":{"emulator":{"name":"functions"},"message":"[worker-pool] Adding worker with key doIt, total=1"}}
[debug] [2020-12-31T17:12:01.837Z] [worker-pool] submitWork(triggerId=doIt) {"metadata":{"emulator":{"name":"functions"},"message":"[worker-pool] submitWork(triggerId=doIt)"}}
[debug] [2020-12-31T17:12:01.837Z] [worker-doIt-21ec0dc9-056b-47ac-b9e8-1584d03ab7f9]: Assigning socketPath: /tmp/fire_emu_179083.sock {"metadata":{"emulator":{"name":"functions"},"message":"[worker-doIt-21ec0dc9-056b-47ac-b9e8-1584d03ab7f9]: Assigning socketPath: /tmp/fire_emu_179083.sock"}}
[debug] [2020-12-31T17:12:01.837Z] [worker-doIt-21ec0dc9-056b-47ac-b9e8-1584d03ab7f9]: BUSY {"metadata":{"emulator":{"name":"functions"},"message":"[worker-doIt-21ec0dc9-056b-47ac-b9e8-1584d03ab7f9]: BUSY"}}
[debug] [2020-12-31T17:12:02.060Z] [runtime-status] [179083] Functions runtime initialized. {"cwd":"/home/vmdude/Desktop/yazlab-3 (copy)/functions","node_version":"12.18.1"} {"metadata":{"emulator":{"name":"functions"},"function":{"name":"doIt"},"message":"[runtime-status] [179083] Functions runtime initialized. {\"cwd\":\"/home/vmdude/Desktop/yazlab-3 (copy)/functions\",\"node_version\":\"12.18.1\"}"}}
[debug] [2020-12-31T17:12:02.061Z] [runtime-status] [179083] Disabled runtime features: undefined {"metadata":{"emulator":{"name":"functions"},"function":{"name":"doIt"},"message":"[runtime-status] [179083] Disabled runtime features: undefined"}}
[debug] [2020-12-31T17:12:02.063Z] [runtime-status] [179083] Resolved module firebase-admin {"declared":true,"installed":true,"version":"9.4.2","resolution":"/home/vmdude/Desktop/yazlab-3 (copy)/functions/node_modules/firebase-admin/lib/index.js"} {"metadata":{"emulator":{"name":"functions"},"function":{"name":"doIt"},"message":"[runtime-status] [179083] Resolved module firebase-admin {\"declared\":true,\"installed\":true,\"version\":\"9.4.2\",\"resolution\":\"/home/vmdude/Desktop/yazlab-3 (copy)/functions/node_modules/firebase-admin/lib/index.js\"}"}}
[debug] [2020-12-31T17:12:02.064Z] [runtime-status] [179083] Resolved module firebase-functions {"declared":true,"installed":true,"version":"3.13.0","resolution":"/home/vmdude/Desktop/yazlab-3 (copy)/functions/node_modules/firebase-functions/lib/index.js"} {"metadata":{"emulator":{"name":"functions"},"function":{"name":"doIt"},"message":"[runtime-status] [179083] Resolved module firebase-functions {\"declared\":true,\"installed\":true,\"version\":\"3.13.0\",\"resolution\":\"/home/vmdude/Desktop/yazlab-3 (copy)/functions/node_modules/firebase-functions/lib/index.js\"}"}}
[debug] [2020-12-31T17:12:02.064Z] [runtime-status] [179083] Resolved module firebase-functions {"declared":true,"installed":true,"version":"3.13.0","resolution":"/home/vmdude/Desktop/yazlab-3 (copy)/functions/node_modules/firebase-functions/lib/index.js"} {"metadata":{"emulator":{"name":"functions"},"function":{"name":"doIt"},"message":"[runtime-status] [179083] Resolved module firebase-functions {\"declared\":true,\"installed\":true,\"version\":\"3.13.0\",\"resolution\":\"/home/vmdude/Desktop/yazlab-3 (copy)/functions/node_modules/firebase-functions/lib/index.js\"}"}}
[debug] [2020-12-31T17:12:02.066Z] [runtime-status] [179083] Outgoing network have been stubbed. [{"name":"http","status":"mocked"},{"name":"http","status":"mocked"},{"name":"https","status":"mocked"},{"name":"https","status":"mocked"},{"name":"net","status":"mocked"}] {"metadata":{"emulator":{"name":"functions"},"function":{"name":"doIt"},"message":"[runtime-status] [179083] Outgoing network have been stubbed. [{\"name\":\"http\",\"status\":\"mocked\"},{\"name\":\"http\",\"status\":\"mocked\"},{\"name\":\"https\",\"status\":\"mocked\"},{\"name\":\"https\",\"status\":\"mocked\"},{\"name\":\"net\",\"status\":\"mocked\"}]"}}
[debug] [2020-12-31T17:12:02.067Z] [runtime-status] [179083] Resolved module firebase-functions {"declared":true,"installed":true,"version":"3.13.0","resolution":"/home/vmdude/Desktop/yazlab-3 (copy)/functions/node_modules/firebase-functions/lib/index.js"} {"metadata":{"emulator":{"name":"functions"},"function":{"name":"doIt"},"message":"[runtime-status] [179083] Resolved module firebase-functions {\"declared\":true,\"installed\":true,\"version\":\"3.13.0\",\"resolution\":\"/home/vmdude/Desktop/yazlab-3 (copy)/functions/node_modules/firebase-functions/lib/index.js\"}"}}
[debug] [2020-12-31T17:12:02.105Z] [runtime-status] [179083] Checked functions.config() {"config":{}} {"metadata":{"emulator":{"name":"functions"},"function":{"name":"doIt"},"message":"[runtime-status] [179083] Checked functions.config() {\"config\":{}}"}}
[debug] [2020-12-31T17:12:02.106Z] [runtime-status] [179083] firebase-functions has been stubbed. {"functionsResolution":{"declared":true,"installed":true,"version":"3.13.0","resolution":"/home/vmdude/Desktop/yazlab-3 (copy)/functions/node_modules/firebase-functions/lib/index.js"}} {"metadata":{"emulator":{"name":"functions"},"function":{"name":"doIt"},"message":"[runtime-status] [179083] firebase-functions has been stubbed. {\"functionsResolution\":{\"declared\":true,\"installed\":true,\"version\":\"3.13.0\",\"resolution\":\"/home/vmdude/Desktop/yazlab-3 (copy)/functions/node_modules/firebase-functions/lib/index.js\"}}"}}
[debug] [2020-12-31T17:12:02.106Z] [runtime-status] [179083] Resolved module firebase-functions {"declared":true,"installed":true,"version":"3.13.0","resolution":"/home/vmdude/Desktop/yazlab-3 (copy)/functions/node_modules/firebase-functions/lib/index.js"} {"metadata":{"emulator":{"name":"functions"},"function":{"name":"doIt"},"message":"[runtime-status] [179083] Resolved module firebase-functions {\"declared\":true,\"installed\":true,\"version\":\"3.13.0\",\"resolution\":\"/home/vmdude/Desktop/yazlab-3 (copy)/functions/node_modules/firebase-functions/lib/index.js\"}"}}
[debug] [2020-12-31T17:12:02.107Z] [runtime-status] [179083] Resolved module firebase-admin {"declared":true,"installed":true,"version":"9.4.2","resolution":"/home/vmdude/Desktop/yazlab-3 (copy)/functions/node_modules/firebase-admin/lib/index.js"} {"metadata":{"emulator":{"name":"functions"},"function":{"name":"doIt"},"message":"[runtime-status] [179083] Resolved module firebase-admin {\"declared\":true,\"installed\":true,\"version\":\"9.4.2\",\"resolution\":\"/home/vmdude/Desktop/yazlab-3 (copy)/functions/node_modules/firebase-admin/lib/index.js\"}"}}
[debug] [2020-12-31T17:12:02.107Z] [runtime-status] [179083] Resolved module firebase-functions {"declared":true,"installed":true,"version":"3.13.0","resolution":"/home/vmdude/Desktop/yazlab-3 (copy)/functions/node_modules/firebase-functions/lib/index.js"} {"metadata":{"emulator":{"name":"functions"},"function":{"name":"doIt"},"message":"[runtime-status] [179083] Resolved module firebase-functions {\"declared\":true,\"installed\":true,\"version\":\"3.13.0\",\"resolution\":\"/home/vmdude/Desktop/yazlab-3 (copy)/functions/node_modules/firebase-functions/lib/index.js\"}"}}
[debug] [2020-12-31T17:12:02.107Z] [runtime-status] [179083] firebase-admin has been stubbed. {"adminResolution":{"declared":true,"installed":true,"version":"9.4.2","resolution":"/home/vmdude/Desktop/yazlab-3 (copy)/functions/node_modules/firebase-admin/lib/index.js"}} {"metadata":{"emulator":{"name":"functions"},"function":{"name":"doIt"},"message":"[runtime-status] [179083] firebase-admin has been stubbed. {\"adminResolution\":{\"declared\":true,\"installed\":true,\"version\":\"9.4.2\",\"resolution\":\"/home/vmdude/Desktop/yazlab-3 (copy)/functions/node_modules/firebase-admin/lib/index.js\"}}"}}
[debug] [2020-12-31T17:12:02.138Z] [runtime-status] [179083] initializeApp(DEFAULT) {"databaseURL":"https://react-app-3c197.firebaseio.com","storageBucket":"react-app-3c197.appspot.com","projectId":"react-app-3c197"} {"metadata":{"emulator":{"name":"functions"},"function":{"name":"doIt"},"message":"[runtime-status] [179083] initializeApp(DEFAULT) {\"databaseURL\":\"https://react-app-3c197.firebaseio.com\",\"storageBucket\":\"react-app-3c197.appspot.com\",\"projectId\":\"react-app-3c197\"}"}}
[debug] [2020-12-31T17:12:02.139Z] [runtime-status] [179083] Trigger "doIt" has been found, beginning invocation! {"metadata":{"emulator":{"name":"functions"},"function":{"name":"doIt"},"message":"[runtime-status] [179083] Trigger \"doIt\" has been found, beginning invocation!"}}
[info] i  functions: Beginning execution of "doIt" {"metadata":{"emulator":{"name":"functions"},"function":{"name":"doIt"},"message":"Beginning execution of \"doIt\""}}
[debug] [2020-12-31T17:12:02.140Z] [runtime-status] [179083] triggerDefinition {"httpsTrigger":{},"name":"doIt","entryPoint":"doIt"} {"metadata":{"emulator":{"name":"functions"},"function":{"name":"doIt"},"message":"[runtime-status] [179083] triggerDefinition {\"httpsTrigger\":{},\"name\":\"doIt\",\"entryPoint\":\"doIt\"}"}}
[debug] [2020-12-31T17:12:02.140Z] [runtime-status] [179083] Running doIt in mode HTTPS {"metadata":{"emulator":{"name":"functions"},"function":{"name":"doIt"},"message":"[runtime-status] [179083] Running doIt in mode HTTPS"}}
[debug] [2020-12-31T17:12:02.143Z] [runtime-status] [179083] Attempting to listen to socketPath: /tmp/fire_emu_179083.sock {"metadata":{"emulator":{"name":"functions"},"function":{"name":"doIt"},"message":"[runtime-status] [179083] Attempting to listen to socketPath: /tmp/fire_emu_179083.sock"}}
[debug] [2020-12-31T17:12:02.145Z] [functions] Runtime ready! Sending request! {"metadata":{"emulator":{"name":"functions"},"message":"[functions] Runtime ready! Sending request!"}}
[debug] [2020-12-31T17:12:02.156Z] [runtime-status] [179083] Ephemeral server handling POST request {"metadata":{"emulator":{"name":"functions"},"function":{"name":"doIt"},"message":"[runtime-status] [179083] Ephemeral server handling POST request"}}
[info] >  In Function! {"user":"In Function!","metadata":{"emulator":{"name":"functions"},"function":{"name":"doIt"},"message":"\u001b[90m> \u001b[39m In Function!"}}
[info] >  Before Busboy! {"user":"Before Busboy!","metadata":{"emulator":{"name":"functions"},"function":{"name":"doIt"},"message":"\u001b[90m> \u001b[39m Before Busboy!"}}
[info] >  After Busboy! {"user":"After Busboy!","metadata":{"emulator":{"name":"functions"},"function":{"name":"doIt"},"message":"\u001b[90m> \u001b[39m After Busboy!"}}
[info] >  yo {"user":"yo","metadata":{"emulator":{"name":"functions"},"function":{"name":"doIt"},"message":"\u001b[90m> \u001b[39m yo"}}
[info] >  undefined {"user":"undefined","metadata":{"emulator":{"name":"functions"},"function":{"name":"doIt"},"message":"\u001b[90m> \u001b[39m undefined"}}
[debug] [2020-12-31T17:12:02.820Z] [runtime-status] [179083] Ephemeral server survived. {"metadata":{"emulator":{"name":"functions"},"function":{"name":"doIt"},"message":"[runtime-status] [179083] Ephemeral server survived."}}
[info] >  In Finish Busboy! {"user":"In Finish Busboy!","metadata":{"emulator":{"name":"functions"},"function":{"name":"doIt"},"message":"\u001b[90m> \u001b[39m In Finish Busboy!"}}
[warn] ⚠  Google API requested!
   - URL: "https://oauth2.googleapis.com/token"
   - Be careful, this may be a production service. {"metadata":{"emulator":{"name":"functions"},"function":{"name":"doIt"},"message":"Google API requested!\n   - URL: \"https://oauth2.googleapis.com/token\"\n   - Be careful, this may be a production service."}}
[warn] ⚠  Google API requested!
   - URL: "https://storage.googleapis.com/upload/storage/v1/b/react-app-3c197.appspot.com/o?uploadType=multipart&name=kitty-kitty.jpg"
   - Be careful, this may be a production service. {"metadata":{"emulator":{"name":"functions"},"function":{"name":"doIt"},"message":"Google API requested!\n   - URL: \"https://storage.googleapis.com/upload/storage/v1/b/react-app-3c197.appspot.com/o?uploadType=multipart&name=kitty-kitty.jpg\"\n   - Be careful, this may be a production service."}}
[info] i  functions: Finished "doIt" in ~7s {"metadata":{"emulator":{"name":"functions"},"function":{"name":"doIt"},"message":"Finished \"doIt\" in ~7s"}}
[debug] [2020-12-31T17:12:09.207Z] [worker-doIt-21ec0dc9-056b-47ac-b9e8-1584d03ab7f9]: IDLE {"metadata":{"emulator":{"name":"functions"},"message":"[worker-doIt-21ec0dc9-056b-47ac-b9e8-1584d03ab7f9]: IDLE"}}
[debug] [2020-12-31T17:12:09.208Z] [work-queue] {"queueLength":0,"workRunningCount":0}
[debug] [2020-12-31T17:12:35.213Z] [work-queue] {"queueLength":1,"workRunningCount":0}
[debug] [2020-12-31T17:12:35.213Z] [work-queue] {"queueLength":0,"workRunningCount":1}
[debug] [2020-12-31T17:12:35.213Z] Accepted request POST /react-app-3c197/us-central1/doIt --> doIt
[debug] [2020-12-31T17:12:35.213Z] [worker-pool] submitWork(triggerId=doIt) {"metadata":{"emulator":{"name":"functions"},"message":"[worker-pool] submitWork(triggerId=doIt)"}}
[debug] [2020-12-31T17:12:35.214Z] [worker-doIt-21ec0dc9-056b-47ac-b9e8-1584d03ab7f9]: Assigning socketPath: /tmp/fire_emu_179083.sock {"metadata":{"emulator":{"name":"functions"},"message":"[worker-doIt-21ec0dc9-056b-47ac-b9e8-1584d03ab7f9]: Assigning socketPath: /tmp/fire_emu_179083.sock"}}
[debug] [2020-12-31T17:12:35.214Z] [worker-doIt-21ec0dc9-056b-47ac-b9e8-1584d03ab7f9]: BUSY {"metadata":{"emulator":{"name":"functions"},"message":"[worker-doIt-21ec0dc9-056b-47ac-b9e8-1584d03ab7f9]: BUSY"}}
[debug] [2020-12-31T17:12:35.214Z] [runtime-status] [179083] Trigger "doIt" has been found, beginning invocation! {"metadata":{"emulator":{"name":"functions"},"function":{"name":"doIt"},"message":"[runtime-status] [179083] Trigger \"doIt\" has been found, beginning invocation!"}}
[info] i  functions: Beginning execution of "doIt" {"metadata":{"emulator":{"name":"functions"},"function":{"name":"doIt"},"message":"Beginning execution of \"doIt\""}}
[debug] [2020-12-31T17:12:35.215Z] [runtime-status] [179083] triggerDefinition {"httpsTrigger":{},"name":"doIt","entryPoint":"doIt"} {"metadata":{"emulator":{"name":"functions"},"function":{"name":"doIt"},"message":"[runtime-status] [179083] triggerDefinition {\"httpsTrigger\":{},\"name\":\"doIt\",\"entryPoint\":\"doIt\"}"}}
[debug] [2020-12-31T17:12:35.215Z] [runtime-status] [179083] Running doIt in mode HTTPS {"metadata":{"emulator":{"name":"functions"},"function":{"name":"doIt"},"message":"[runtime-status] [179083] Running doIt in mode HTTPS"}}
[debug] [2020-12-31T17:12:35.215Z] [runtime-status] [179083] Attempting to listen to socketPath: /tmp/fire_emu_179083.sock {"metadata":{"emulator":{"name":"functions"},"function":{"name":"doIt"},"message":"[runtime-status] [179083] Attempting to listen to socketPath: /tmp/fire_emu_179083.sock"}}
[debug] [2020-12-31T17:12:35.216Z] [functions] Runtime ready! Sending request! {"metadata":{"emulator":{"name":"functions"},"message":"[functions] Runtime ready! Sending request!"}}
[debug] [2020-12-31T17:12:35.218Z] [runtime-status] [179083] Ephemeral server handling POST request {"metadata":{"emulator":{"name":"functions"},"function":{"name":"doIt"},"message":"[runtime-status] [179083] Ephemeral server handling POST request"}}
[info] >  In Function! {"user":"In Function!","metadata":{"emulator":{"name":"functions"},"function":{"name":"doIt"},"message":"\u001b[90m> \u001b[39m In Function!"}}
[info] >  Before Busboy! {"user":"Before Busboy!","metadata":{"emulator":{"name":"functions"},"function":{"name":"doIt"},"message":"\u001b[90m> \u001b[39m Before Busboy!"}}
[info] >  After Busboy! {"user":"After Busboy!","metadata":{"emulator":{"name":"functions"},"function":{"name":"doIt"},"message":"\u001b[90m> \u001b[39m After Busboy!"}}
[info] >  yo {"user":"yo","metadata":{"emulator":{"name":"functions"},"function":{"name":"doIt"},"message":"\u001b[90m> \u001b[39m yo"}}
[info] >  undefined {"user":"undefined","metadata":{"emulator":{"name":"functions"},"function":{"name":"doIt"},"message":"\u001b[90m> \u001b[39m undefined"}}
[info] >  In Finish Busboy! {"user":"In Finish Busboy!","metadata":{"emulator":{"name":"functions"},"function":{"name":"doIt"},"message":"\u001b[90m> \u001b[39m In Finish Busboy!"}}
[debug] [2020-12-31T17:12:35.223Z] [runtime-status] [179083] Ephemeral server survived. {"metadata":{"emulator":{"name":"functions"},"function":{"name":"doIt"},"message":"[runtime-status] [179083] Ephemeral server survived."}}
[info] i  functions: Finished "doIt" in ~1s {"metadata":{"emulator":{"name":"functions"},"function":{"name":"doIt"},"message":"Finished \"doIt\" in ~1s"}}
[debug] [2020-12-31T17:12:35.669Z] [worker-doIt-21ec0dc9-056b-47ac-b9e8-1584d03ab7f9]: IDLE {"metadata":{"emulator":{"name":"functions"},"message":"[worker-doIt-21ec0dc9-056b-47ac-b9e8-1584d03ab7f9]: IDLE"}}
[debug] [2020-12-31T17:12:35.670Z] [work-queue] {"queueLength":0,"workRunningCount":0}
